<?xml version="1.0" encoding="UTF-8"?>
<!-- Generated by org.testng.reporters.JUnitReportReporter -->
<testsuite skipped="0" hostname="LAPTOP-U5EUFPC3" name="com.testcases.GET_POST_PUT_DELETE_HashMap" tests="1" failures="0" timestamp="21 Jul 2020 23:27:08 GMT" time="6.264" errors="0">
  <testcase name="postmethod" time="6.264" classname="com.testcases.GET_POST_PUT_DELETE_HashMap"/>
</testsuite> <!-- com.testcases.GET_POST_PUT_DELETE_HashMap -->
