<?xml version="1.0" encoding="UTF-8"?>
<!-- Generated by org.testng.reporters.JUnitReportReporter -->
<testsuite skipped="0" hostname="LAPTOP-U5EUFPC3" name="com.testcases.Get_post_put_delete_request" tests="2" failures="0" timestamp="21 Jul 2020 22:53:37 GMT" time="8.636" errors="0">
  <testcase name="postmethod" time="4.828" classname="com.testcases.Get_post_put_delete_request"/>
  <testcase name="getmethod" time="3.808" classname="com.testcases.Get_post_put_delete_request"/>
</testsuite> <!-- com.testcases.Get_post_put_delete_request -->
