<?xml version="1.0" encoding="UTF-8"?>
<!-- Generated by org.testng.reporters.JUnitReportReporter -->
<testsuite skipped="0" hostname="LAPTOP-U5EUFPC3" name="com.testcases.Post_put_delete_JSON" tests="4" failures="0" timestamp="21 Jul 2020 19:17:53 GMT" time="12.316" errors="0">
  <testcase name="getmethod" time="5.285" classname="com.testcases.Post_put_delete_JSON"/>
  <testcase name="postmethod" time="2.430" classname="com.testcases.Post_put_delete_JSON"/>
  <testcase name="putmethod" time="2.461" classname="com.testcases.Post_put_delete_JSON"/>
  <testcase name="deletemethod" time="2.140" classname="com.testcases.Post_put_delete_JSON"/>
</testsuite> <!-- com.testcases.Post_put_delete_JSON -->
