<?xml version="1.0" encoding="UTF-8"?>
<!-- Generated by org.testng.reporters.JUnitReportReporter -->
<testsuite skipped="0" hostname="LAPTOP-U5EUFPC3" name="com.testcases.Get_Title_Test" tests="1" failures="0" timestamp="28 Jul 2020 20:14:14 GMT" time="3.650" errors="0">
  <testcase name="getmethod" time="3.650" classname="com.testcases.Get_Title_Test"/>
</testsuite> <!-- com.testcases.Get_Title_Test -->
