<?xml version="1.0" encoding="UTF-8"?>
<!-- Generated by org.testng.reporters.JUnitReportReporter -->
<testsuite skipped="0" hostname="LAPTOP-U5EUFPC3" name="com.datadriven.datadriven_using_payload" tests="4" failures="0" timestamp="23 Jul 2020 20:37:41 GMT" time="8.632" errors="0">
  <testcase name="postmethod" time="1.499" classname="com.datadriven.datadriven_using_payload"/>
  <testcase name="postmethod" time="1.575" classname="com.datadriven.datadriven_using_payload"/>
  <testcase name="postmethod" time="3.996" classname="com.datadriven.datadriven_using_payload"/>
  <testcase name="postmethod" time="1.562" classname="com.datadriven.datadriven_using_payload"/>
</testsuite> <!-- com.datadriven.datadriven_using_payload -->
