<?xml version="1.0" encoding="UTF-8"?>
<!-- Generated by org.testng.reporters.JUnitReportReporter -->
<testsuite skipped="0" hostname="LAPTOP-U5EUFPC3" name="com.testcases.Post_Get_Payload" tests="1" failures="0" timestamp="22 Jul 2020 00:51:16 GMT" time="6.423" errors="0">
  <testcase name="postmethod" time="6.423" classname="com.testcases.Post_Get_Payload"/>
</testsuite> <!-- com.testcases.Post_Get_Payload -->
