<?xml version="1.0" encoding="UTF-8"?>
<!-- Generated by org.testng.reporters.JUnitReportReporter -->
<testsuite skipped="0" hostname="LAPTOP-U5EUFPC3" name="com.datadriven.excel" tests="2" failures="0" timestamp="23 Jul 2020 22:27:36 GMT" time="6.443" errors="0">
  <testcase name="postmethod" time="4.136" classname="com.datadriven.excel"/>
  <testcase name="postmethod" time="2.307" classname="com.datadriven.excel"/>
</testsuite> <!-- com.datadriven.excel -->
