<?xml version="1.0" encoding="UTF-8"?>
<!-- Generated by org.testng.reporters.JUnitReportReporter -->
<testsuite skipped="0" hostname="LAPTOP-U5EUFPC3" name="com.testcases.Get" tests="1" failures="0" timestamp="24 Jul 2020 05:37:07 GMT" time="4.835" errors="0">
  <testcase name="getmethod" time="4.835" classname="com.testcases.Get"/>
</testsuite> <!-- com.testcases.Get -->
