<?xml version="1.0" encoding="UTF-8"?>
<!-- Generated by org.testng.reporters.JUnitReportReporter -->
<testsuite skipped="0" hostname="LAPTOP-U5EUFPC3" name="com.testcases.Post_usingJsonFile" tests="1" failures="0" timestamp="22 Jul 2020 00:42:28 GMT" time="4.512" errors="0">
  <testcase name="postmethod" time="4.512" classname="com.testcases.Post_usingJsonFile"/>
</testsuite> <!-- com.testcases.Post_usingJsonFile -->
