<?xml version="1.0" encoding="UTF-8"?>
<!-- Generated by org.testng.reporters.JUnitReportReporter -->
<testsuite skipped="0" hostname="LAPTOP-U5EUFPC3" name="com.testcases.Post_Get_Put_Pojo" tests="1" failures="0" timestamp="22 Jul 2020 01:17:31 GMT" time="5.057" errors="0">
  <testcase name="postmethod" time="5.057" classname="com.testcases.Post_Get_Put_Pojo"/>
</testsuite> <!-- com.testcases.Post_Get_Put_Pojo -->
