<?xml version="1.0" encoding="UTF-8"?>
<!-- Generated by org.testng.reporters.JUnitReportReporter -->
<testsuite skipped="0" hostname="LAPTOP-U5EUFPC3" name="com.datadriven.Datadriven_Pojo" tests="5" failures="0" timestamp="29 Jul 2020 16:50:30 GMT" time="13.886" errors="0">
  <testcase name="postmethod" time="6.635" classname="com.datadriven.Datadriven_Pojo"/>
  <testcase name="postmethod" time="1.865" classname="com.datadriven.Datadriven_Pojo"/>
  <testcase name="postmethod" time="1.796" classname="com.datadriven.Datadriven_Pojo"/>
  <testcase name="postmethod" time="1.956" classname="com.datadriven.Datadriven_Pojo"/>
  <testcase name="postmethod" time="1.634" classname="com.datadriven.Datadriven_Pojo"/>
</testsuite> <!-- com.datadriven.Datadriven_Pojo -->
